<?xml version="1.0" encoding="UTF-8"?>
<!-- Generated by org.testng.reporters.JUnitReportReporter -->
<testsuite hostname="DESKTOP-K5AGDE8" failures="0" tests="1" name="config.Demo" time="4.033" errors="0" timestamp="2023-12-03T13:06:33 IST" skipped="0">
  <testcase classname="config.Demo" name="sampleAutomation" time="4.033"/>
</testsuite> <!-- config.Demo -->
