<?xml version="1.0" encoding="UTF-8"?>
<!-- Generated by org.testng.reporters.JUnitReportReporter -->
<testsuite hostname="DESKTOP-K5AGDE8" failures="0" tests="2" name="TestCases.LoginTest" time="48.557" errors="0" timestamp="2023-12-11T14:46:41 IST" skipped="0">
  <testcase classname="TestCases.LoginTest" name="login" time="28.076"/>
  <testcase classname="TestCases.LoginTest" name="login" time="20.481"/>
</testsuite> <!-- TestCases.LoginTest -->
